2022-06-18T00:23:28+00:00 CRITICAL Uncaught Error: Call to a member function get_cart_subtotal() on null in C:\xampp\htdocs\dropshipping\wp-content\plugins\woo-cart-all-in-one\includes\templates\sidebar-cart\sc-content.php:107
Stack trace:
#0 C:\xampp\htdocs\dropshipping\wp-content\plugins\woocommerce\includes\wc-core-functions.php(345): include()
#1 C:\xampp\htdocs\dropshipping\wp-content\plugins\woo-cart-all-in-one\includes\frontend\frontend.php(31): wc_get_template('sc-content.php', Array, 'woo-cart-all-in...', 'C:\\xampp\\htdocs...')
#2 C:\xampp\htdocs\dropshipping\wp-includes\class-wp-hook.php(307): VI_WOO_CART_ALL_IN_ONE_Frontend_Frontend->get_sidebar_cart_content('')
#3 C:\xampp\htdocs\dropshipping\wp-includes\class-wp-hook.php(331): WP_Hook->apply_filters('', Array)
#4 C:\xampp\htdocs\dropshipping\wp-includes\plugin.php(476): WP_Hook->do_action(Array)
#5 C:\xampp\htdocs\dropshipping\wp-content\plugins\woo-cart-all-in-one\includes\templates\sidebar-cart\sidebar-cart.php(25): do_action('vi_wcaio_get_si...')
#6 C:\xampp\htdocs\dropshipping\wp-content\plugins\woocommerce\includes\wc-core-functions.php(345): include('C:\\xampp\\htdocs...')
#7 C:\xampp\htdocs\dropshipping\wp-content\plugins\woo-cart-all-in-one\includes\frontend\sidebar-cart-content.php(50): wc_get_template('sidebar-cart.ph...', Array, 'woocommerce-car...', 'C:\\xampp\\htdocs...')
#8 C:\xampp\htdocs\dropshipping\wp-includes\class-wp-hook.php(307): VI_WOO_CART_ALL_IN_ONE_Frontend_Sidebar_Cart_Content->frontend_html('')
#9 C:\xampp\htdocs\dropshipping\wp-includes\class-wp-hook.php(331): WP_Hook->apply_filters(NULL, Array)
#10 C:\xampp\htdocs\dropshipping\wp-includes\plugin.php(476): WP_Hook->do_action(Array)
#11 C:\xampp\htdocs\dropshipping\wp-includes\general-template.php(3058): do_action('wp_footer')
#12 C:\xampp\htdocs\dropshipping\wp-includes\rest-api\endpoints\class-wp-rest-widget-types-controller.php(650): wp_footer()
#13 C:\xampp\htdocs\dropshipping\wp-includes\rest-api\endpoints\class-wp-rest-widget-types-controller.php(598): WP_REST_Widget_Types_Controller->render_legacy_widget_preview_iframe('blocksy_ct_cont...', Array)
#14 C:\xampp\htdocs\dropshipping\wp-includes\rest-api\class-wp-rest-server.php(1143): WP_REST_Widget_Types_Controller->render(Object(WP_REST_Request))
#15 C:\xampp\htdocs\dropshipping\wp-includes\rest-api\class-wp-rest-server.php(990): WP_REST_Server->respond_to_request(Object(WP_REST_Request), '/wp/v2/widget-t...', Array, NULL)
#16 C:\xampp\htdocs\dropshipping\wp-includes\rest-api\class-wp-rest-server.php(414): WP_REST_Server->dispatch(Object(WP_REST_Request))
#17 C:\xampp\htdocs\dropshipping\wp-includes\rest-api.php(394): WP_REST_Server->serve_request('/wp/v2/widget-t...')
#18 C:\xampp\htdocs\dropshipping\wp-includes\class-wp-hook.php(307): rest_api_loaded(Object(WP))
#19 C:\xampp\htdocs\dropshipping\wp-includes\class-wp-hook.php(331): WP_Hook->apply_filters(NULL, Array)
#20 C:\xampp\htdocs\dropshipping\wp-includes\plugin.php(524): WP_Hook->do_action(Array)
#21 C:\xampp\htdocs\dropshipping\wp-includes\class-wp.php(398): do_action_ref_array('parse_request', Array)
#22 C:\xampp\htdocs\dropshipping\wp-includes\class-wp.php(770): WP->parse_request('')
#23 C:\xampp\htdocs\dropshipping\wp-includes\functions.php(1330): WP->main('')
#24 C:\xampp\htdocs\dropshipping\wp-blog-header.php(16): wp()
#25 C:\xampp\htdocs\dropshipping\index.php(17): require('C:\\xampp\\htdocs...')
#26 {main}
  thrown in C:\xampp\htdocs\dropshipping\wp-content\plugins\woo-cart-all-in-one\includes\templates\sidebar-cart\sc-content.php on line 107

2022-06-18T00:23:55+00:00 CRITICAL Uncaught Error: Call to a member function get_cart_subtotal() on null in C:\xampp\htdocs\dropshipping\wp-content\plugins\woo-cart-all-in-one\includes\templates\sidebar-cart\sc-content.php:107
Stack trace:
#0 C:\xampp\htdocs\dropshipping\wp-content\plugins\woocommerce\includes\wc-core-functions.php(345): include()
#1 C:\xampp\htdocs\dropshipping\wp-content\plugins\woo-cart-all-in-one\includes\frontend\frontend.php(31): wc_get_template('sc-content.php', Array, 'woo-cart-all-in...', 'C:\\xampp\\htdocs...')
#2 C:\xampp\htdocs\dropshipping\wp-includes\class-wp-hook.php(307): VI_WOO_CART_ALL_IN_ONE_Frontend_Frontend->get_sidebar_cart_content('')
#3 C:\xampp\htdocs\dropshipping\wp-includes\class-wp-hook.php(331): WP_Hook->apply_filters('', Array)
#4 C:\xampp\htdocs\dropshipping\wp-includes\plugin.php(476): WP_Hook->do_action(Array)
#5 C:\xampp\htdocs\dropshipping\wp-content\plugins\woo-cart-all-in-one\includes\templates\sidebar-cart\sidebar-cart.php(25): do_action('vi_wcaio_get_si...')
#6 C:\xampp\htdocs\dropshipping\wp-content\plugins\woocommerce\includes\wc-core-functions.php(345): include('C:\\xampp\\htdocs...')
#7 C:\xampp\htdocs\dropshipping\wp-content\plugins\woo-cart-all-in-one\includes\frontend\sidebar-cart-content.php(50): wc_get_template('sidebar-cart.ph...', Array, 'woocommerce-car...', 'C:\\xampp\\htdocs...')
#8 C:\xampp\htdocs\dropshipping\wp-includes\class-wp-hook.php(307): VI_WOO_CART_ALL_IN_ONE_Frontend_Sidebar_Cart_Content->frontend_html('')
#9 C:\xampp\htdocs\dropshipping\wp-includes\class-wp-hook.php(331): WP_Hook->apply_filters(NULL, Array)
#10 C:\xampp\htdocs\dropshipping\wp-includes\plugin.php(476): WP_Hook->do_action(Array)
#11 C:\xampp\htdocs\dropshipping\wp-includes\general-template.php(3058): do_action('wp_footer')
#12 C:\xampp\htdocs\dropshipping\wp-includes\rest-api\endpoints\class-wp-rest-widget-types-controller.php(650): wp_footer()
#13 C:\xampp\htdocs\dropshipping\wp-includes\rest-api\endpoints\class-wp-rest-widget-types-controller.php(598): WP_REST_Widget_Types_Controller->render_legacy_widget_preview_iframe('blocksy_ct_cont...', Array)
#14 C:\xampp\htdocs\dropshipping\wp-includes\rest-api\class-wp-rest-server.php(1143): WP_REST_Widget_Types_Controller->render(Object(WP_REST_Request))
#15 C:\xampp\htdocs\dropshipping\wp-includes\rest-api\class-wp-rest-server.php(990): WP_REST_Server->respond_to_request(Object(WP_REST_Request), '/wp/v2/widget-t...', Array, NULL)
#16 C:\xampp\htdocs\dropshipping\wp-includes\rest-api\class-wp-rest-server.php(414): WP_REST_Server->dispatch(Object(WP_REST_Request))
#17 C:\xampp\htdocs\dropshipping\wp-includes\rest-api.php(394): WP_REST_Server->serve_request('/wp/v2/widget-t...')
#18 C:\xampp\htdocs\dropshipping\wp-includes\class-wp-hook.php(307): rest_api_loaded(Object(WP))
#19 C:\xampp\htdocs\dropshipping\wp-includes\class-wp-hook.php(331): WP_Hook->apply_filters(NULL, Array)
#20 C:\xampp\htdocs\dropshipping\wp-includes\plugin.php(524): WP_Hook->do_action(Array)
#21 C:\xampp\htdocs\dropshipping\wp-includes\class-wp.php(398): do_action_ref_array('parse_request', Array)
#22 C:\xampp\htdocs\dropshipping\wp-includes\class-wp.php(770): WP->parse_request('')
#23 C:\xampp\htdocs\dropshipping\wp-includes\functions.php(1330): WP->main('')
#24 C:\xampp\htdocs\dropshipping\wp-blog-header.php(16): wp()
#25 C:\xampp\htdocs\dropshipping\index.php(17): require('C:\\xampp\\htdocs...')
#26 {main}
  thrown in C:\xampp\htdocs\dropshipping\wp-content\plugins\woo-cart-all-in-one\includes\templates\sidebar-cart\sc-content.php on line 107

2022-06-18T00:24:12+00:00 CRITICAL Uncaught Error: Call to a member function get_cart_subtotal() on null in C:\xampp\htdocs\dropshipping\wp-content\plugins\woo-cart-all-in-one\includes\templates\sidebar-cart\sc-content.php:107
Stack trace:
#0 C:\xampp\htdocs\dropshipping\wp-content\plugins\woocommerce\includes\wc-core-functions.php(345): include()
#1 C:\xampp\htdocs\dropshipping\wp-content\plugins\woo-cart-all-in-one\includes\frontend\frontend.php(31): wc_get_template('sc-content.php', Array, 'woo-cart-all-in...', 'C:\\xampp\\htdocs...')
#2 C:\xampp\htdocs\dropshipping\wp-includes\class-wp-hook.php(307): VI_WOO_CART_ALL_IN_ONE_Frontend_Frontend->get_sidebar_cart_content('')
#3 C:\xampp\htdocs\dropshipping\wp-includes\class-wp-hook.php(331): WP_Hook->apply_filters('', Array)
#4 C:\xampp\htdocs\dropshipping\wp-includes\plugin.php(476): WP_Hook->do_action(Array)
#5 C:\xampp\htdocs\dropshipping\wp-content\plugins\woo-cart-all-in-one\includes\templates\sidebar-cart\sidebar-cart.php(25): do_action('vi_wcaio_get_si...')
#6 C:\xampp\htdocs\dropshipping\wp-content\plugins\woocommerce\includes\wc-core-functions.php(345): include('C:\\xampp\\htdocs...')
#7 C:\xampp\htdocs\dropshipping\wp-content\plugins\woo-cart-all-in-one\includes\frontend\sidebar-cart-content.php(50): wc_get_template('sidebar-cart.ph...', Array, 'woocommerce-car...', 'C:\\xampp\\htdocs...')
#8 C:\xampp\htdocs\dropshipping\wp-includes\class-wp-hook.php(307): VI_WOO_CART_ALL_IN_ONE_Frontend_Sidebar_Cart_Content->frontend_html('')
#9 C:\xampp\htdocs\dropshipping\wp-includes\class-wp-hook.php(331): WP_Hook->apply_filters(NULL, Array)
#10 C:\xampp\htdocs\dropshipping\wp-includes\plugin.php(476): WP_Hook->do_action(Array)
#11 C:\xampp\htdocs\dropshipping\wp-includes\general-template.php(3058): do_action('wp_footer')
#12 C:\xampp\htdocs\dropshipping\wp-includes\rest-api\endpoints\class-wp-rest-widget-types-controller.php(650): wp_footer()
#13 C:\xampp\htdocs\dropshipping\wp-includes\rest-api\endpoints\class-wp-rest-widget-types-controller.php(598): WP_REST_Widget_Types_Controller->render_legacy_widget_preview_iframe('blocksy_ct_cont...', Array)
#14 C:\xampp\htdocs\dropshipping\wp-includes\rest-api\class-wp-rest-server.php(1143): WP_REST_Widget_Types_Controller->render(Object(WP_REST_Request))
#15 C:\xampp\htdocs\dropshipping\wp-includes\rest-api\class-wp-rest-server.php(990): WP_REST_Server->respond_to_request(Object(WP_REST_Request), '/wp/v2/widget-t...', Array, NULL)
#16 C:\xampp\htdocs\dropshipping\wp-includes\rest-api\class-wp-rest-server.php(414): WP_REST_Server->dispatch(Object(WP_REST_Request))
#17 C:\xampp\htdocs\dropshipping\wp-includes\rest-api.php(394): WP_REST_Server->serve_request('/wp/v2/widget-t...')
#18 C:\xampp\htdocs\dropshipping\wp-includes\class-wp-hook.php(307): rest_api_loaded(Object(WP))
#19 C:\xampp\htdocs\dropshipping\wp-includes\class-wp-hook.php(331): WP_Hook->apply_filters(NULL, Array)
#20 C:\xampp\htdocs\dropshipping\wp-includes\plugin.php(524): WP_Hook->do_action(Array)
#21 C:\xampp\htdocs\dropshipping\wp-includes\class-wp.php(398): do_action_ref_array('parse_request', Array)
#22 C:\xampp\htdocs\dropshipping\wp-includes\class-wp.php(770): WP->parse_request('')
#23 C:\xampp\htdocs\dropshipping\wp-includes\functions.php(1330): WP->main('')
#24 C:\xampp\htdocs\dropshipping\wp-blog-header.php(16): wp()
#25 C:\xampp\htdocs\dropshipping\index.php(17): require('C:\\xampp\\htdocs...')
#26 {main}
  thrown in C:\xampp\htdocs\dropshipping\wp-content\plugins\woo-cart-all-in-one\includes\templates\sidebar-cart\sc-content.php on line 107

2022-06-18T00:24:13+00:00 CRITICAL Uncaught Error: Call to a member function get_cart_subtotal() on null in C:\xampp\htdocs\dropshipping\wp-content\plugins\woo-cart-all-in-one\includes\templates\sidebar-cart\sc-content.php:107
Stack trace:
#0 C:\xampp\htdocs\dropshipping\wp-content\plugins\woocommerce\includes\wc-core-functions.php(345): include()
#1 C:\xampp\htdocs\dropshipping\wp-content\plugins\woo-cart-all-in-one\includes\frontend\frontend.php(31): wc_get_template('sc-content.php', Array, 'woo-cart-all-in...', 'C:\\xampp\\htdocs...')
#2 C:\xampp\htdocs\dropshipping\wp-includes\class-wp-hook.php(307): VI_WOO_CART_ALL_IN_ONE_Frontend_Frontend->get_sidebar_cart_content('')
#3 C:\xampp\htdocs\dropshipping\wp-includes\class-wp-hook.php(331): WP_Hook->apply_filters('', Array)
#4 C:\xampp\htdocs\dropshipping\wp-includes\plugin.php(476): WP_Hook->do_action(Array)
#5 C:\xampp\htdocs\dropshipping\wp-content\plugins\woo-cart-all-in-one\includes\templates\sidebar-cart\sidebar-cart.php(25): do_action('vi_wcaio_get_si...')
#6 C:\xampp\htdocs\dropshipping\wp-content\plugins\woocommerce\includes\wc-core-functions.php(345): include('C:\\xampp\\htdocs...')
#7 C:\xampp\htdocs\dropshipping\wp-content\plugins\woo-cart-all-in-one\includes\frontend\sidebar-cart-content.php(50): wc_get_template('sidebar-cart.ph...', Array, 'woocommerce-car...', 'C:\\xampp\\htdocs...')
#8 C:\xampp\htdocs\dropshipping\wp-includes\class-wp-hook.php(307): VI_WOO_CART_ALL_IN_ONE_Frontend_Sidebar_Cart_Content->frontend_html('')
#9 C:\xampp\htdocs\dropshipping\wp-includes\class-wp-hook.php(331): WP_Hook->apply_filters(NULL, Array)
#10 C:\xampp\htdocs\dropshipping\wp-includes\plugin.php(476): WP_Hook->do_action(Array)
#11 C:\xampp\htdocs\dropshipping\wp-includes\general-template.php(3058): do_action('wp_footer')
#12 C:\xampp\htdocs\dropshipping\wp-includes\rest-api\endpoints\class-wp-rest-widget-types-controller.php(650): wp_footer()
#13 C:\xampp\htdocs\dropshipping\wp-includes\rest-api\endpoints\class-wp-rest-widget-types-controller.php(598): WP_REST_Widget_Types_Controller->render_legacy_widget_preview_iframe('blocksy_ct_cont...', Array)
#14 C:\xampp\htdocs\dropshipping\wp-includes\rest-api\class-wp-rest-server.php(1143): WP_REST_Widget_Types_Controller->render(Object(WP_REST_Request))
#15 C:\xampp\htdocs\dropshipping\wp-includes\rest-api\class-wp-rest-server.php(990): WP_REST_Server->respond_to_request(Object(WP_REST_Request), '/wp/v2/widget-t...', Array, NULL)
#16 C:\xampp\htdocs\dropshipping\wp-includes\rest-api\class-wp-rest-server.php(414): WP_REST_Server->dispatch(Object(WP_REST_Request))
#17 C:\xampp\htdocs\dropshipping\wp-includes\rest-api.php(394): WP_REST_Server->serve_request('/wp/v2/widget-t...')
#18 C:\xampp\htdocs\dropshipping\wp-includes\class-wp-hook.php(307): rest_api_loaded(Object(WP))
#19 C:\xampp\htdocs\dropshipping\wp-includes\class-wp-hook.php(331): WP_Hook->apply_filters(NULL, Array)
#20 C:\xampp\htdocs\dropshipping\wp-includes\plugin.php(524): WP_Hook->do_action(Array)
#21 C:\xampp\htdocs\dropshipping\wp-includes\class-wp.php(398): do_action_ref_array('parse_request', Array)
#22 C:\xampp\htdocs\dropshipping\wp-includes\class-wp.php(770): WP->parse_request('')
#23 C:\xampp\htdocs\dropshipping\wp-includes\functions.php(1330): WP->main('')
#24 C:\xampp\htdocs\dropshipping\wp-blog-header.php(16): wp()
#25 C:\xampp\htdocs\dropshipping\index.php(17): require('C:\\xampp\\htdocs...')
#26 {main}
  thrown in C:\xampp\htdocs\dropshipping\wp-content\plugins\woo-cart-all-in-one\includes\templates\sidebar-cart\sc-content.php on line 107

2022-06-18T00:24:14+00:00 CRITICAL Uncaught Error: Call to a member function get_cart_subtotal() on null in C:\xampp\htdocs\dropshipping\wp-content\plugins\woo-cart-all-in-one\includes\templates\sidebar-cart\sc-content.php:107
Stack trace:
#0 C:\xampp\htdocs\dropshipping\wp-content\plugins\woocommerce\includes\wc-core-functions.php(345): include()
#1 C:\xampp\htdocs\dropshipping\wp-content\plugins\woo-cart-all-in-one\includes\frontend\frontend.php(31): wc_get_template('sc-content.php', Array, 'woo-cart-all-in...', 'C:\\xampp\\htdocs...')
#2 C:\xampp\htdocs\dropshipping\wp-includes\class-wp-hook.php(307): VI_WOO_CART_ALL_IN_ONE_Frontend_Frontend->get_sidebar_cart_content('')
#3 C:\xampp\htdocs\dropshipping\wp-includes\class-wp-hook.php(331): WP_Hook->apply_filters('', Array)
#4 C:\xampp\htdocs\dropshipping\wp-includes\plugin.php(476): WP_Hook->do_action(Array)
#5 C:\xampp\htdocs\dropshipping\wp-content\plugins\woo-cart-all-in-one\includes\templates\sidebar-cart\sidebar-cart.php(25): do_action('vi_wcaio_get_si...')
#6 C:\xampp\htdocs\dropshipping\wp-content\plugins\woocommerce\includes\wc-core-functions.php(345): include('C:\\xampp\\htdocs...')
#7 C:\xampp\htdocs\dropshipping\wp-content\plugins\woo-cart-all-in-one\includes\frontend\sidebar-cart-content.php(50): wc_get_template('sidebar-cart.ph...', Array, 'woocommerce-car...', 'C:\\xampp\\htdocs...')
#8 C:\xampp\htdocs\dropshipping\wp-includes\class-wp-hook.php(307): VI_WOO_CART_ALL_IN_ONE_Frontend_Sidebar_Cart_Content->frontend_html('')
#9 C:\xampp\htdocs\dropshipping\wp-includes\class-wp-hook.php(331): WP_Hook->apply_filters(NULL, Array)
#10 C:\xampp\htdocs\dropshipping\wp-includes\plugin.php(476): WP_Hook->do_action(Array)
#11 C:\xampp\htdocs\dropshipping\wp-includes\general-template.php(3058): do_action('wp_footer')
#12 C:\xampp\htdocs\dropshipping\wp-includes\rest-api\endpoints\class-wp-rest-widget-types-controller.php(650): wp_footer()
#13 C:\xampp\htdocs\dropshipping\wp-includes\rest-api\endpoints\class-wp-rest-widget-types-controller.php(598): WP_REST_Widget_Types_Controller->render_legacy_widget_preview_iframe('blocksy_ct_cont...', Array)
#14 C:\xampp\htdocs\dropshipping\wp-includes\rest-api\class-wp-rest-server.php(1143): WP_REST_Widget_Types_Controller->render(Object(WP_REST_Request))
#15 C:\xampp\htdocs\dropshipping\wp-includes\rest-api\class-wp-rest-server.php(990): WP_REST_Server->respond_to_request(Object(WP_REST_Request), '/wp/v2/widget-t...', Array, NULL)
#16 C:\xampp\htdocs\dropshipping\wp-includes\rest-api\class-wp-rest-server.php(414): WP_REST_Server->dispatch(Object(WP_REST_Request))
#17 C:\xampp\htdocs\dropshipping\wp-includes\rest-api.php(394): WP_REST_Server->serve_request('/wp/v2/widget-t...')
#18 C:\xampp\htdocs\dropshipping\wp-includes\class-wp-hook.php(307): rest_api_loaded(Object(WP))
#19 C:\xampp\htdocs\dropshipping\wp-includes\class-wp-hook.php(331): WP_Hook->apply_filters(NULL, Array)
#20 C:\xampp\htdocs\dropshipping\wp-includes\plugin.php(524): WP_Hook->do_action(Array)
#21 C:\xampp\htdocs\dropshipping\wp-includes\class-wp.php(398): do_action_ref_array('parse_request', Array)
#22 C:\xampp\htdocs\dropshipping\wp-includes\class-wp.php(770): WP->parse_request('')
#23 C:\xampp\htdocs\dropshipping\wp-includes\functions.php(1330): WP->main('')
#24 C:\xampp\htdocs\dropshipping\wp-blog-header.php(16): wp()
#25 C:\xampp\htdocs\dropshipping\index.php(17): require('C:\\xampp\\htdocs...')
#26 {main}
  thrown in C:\xampp\htdocs\dropshipping\wp-content\plugins\woo-cart-all-in-one\includes\templates\sidebar-cart\sc-content.php on line 107

2022-06-18T00:24:17+00:00 CRITICAL Uncaught Error: Call to a member function get_cart_subtotal() on null in C:\xampp\htdocs\dropshipping\wp-content\plugins\woo-cart-all-in-one\includes\templates\sidebar-cart\sc-content.php:107
Stack trace:
#0 C:\xampp\htdocs\dropshipping\wp-content\plugins\woocommerce\includes\wc-core-functions.php(345): include()
#1 C:\xampp\htdocs\dropshipping\wp-content\plugins\woo-cart-all-in-one\includes\frontend\frontend.php(31): wc_get_template('sc-content.php', Array, 'woo-cart-all-in...', 'C:\\xampp\\htdocs...')
#2 C:\xampp\htdocs\dropshipping\wp-includes\class-wp-hook.php(307): VI_WOO_CART_ALL_IN_ONE_Frontend_Frontend->get_sidebar_cart_content('')
#3 C:\xampp\htdocs\dropshipping\wp-includes\class-wp-hook.php(331): WP_Hook->apply_filters('', Array)
#4 C:\xampp\htdocs\dropshipping\wp-includes\plugin.php(476): WP_Hook->do_action(Array)
#5 C:\xampp\htdocs\dropshipping\wp-content\plugins\woo-cart-all-in-one\includes\templates\sidebar-cart\sidebar-cart.php(25): do_action('vi_wcaio_get_si...')
#6 C:\xampp\htdocs\dropshipping\wp-content\plugins\woocommerce\includes\wc-core-functions.php(345): include('C:\\xampp\\htdocs...')
#7 C:\xampp\htdocs\dropshipping\wp-content\plugins\woo-cart-all-in-one\includes\frontend\sidebar-cart-content.php(50): wc_get_template('sidebar-cart.ph...', Array, 'woocommerce-car...', 'C:\\xampp\\htdocs...')
#8 C:\xampp\htdocs\dropshipping\wp-includes\class-wp-hook.php(307): VI_WOO_CART_ALL_IN_ONE_Frontend_Sidebar_Cart_Content->frontend_html('')
#9 C:\xampp\htdocs\dropshipping\wp-includes\class-wp-hook.php(331): WP_Hook->apply_filters(NULL, Array)
#10 C:\xampp\htdocs\dropshipping\wp-includes\plugin.php(476): WP_Hook->do_action(Array)
#11 C:\xampp\htdocs\dropshipping\wp-includes\general-template.php(3058): do_action('wp_footer')
#12 C:\xampp\htdocs\dropshipping\wp-includes\rest-api\endpoints\class-wp-rest-widget-types-controller.php(650): wp_footer()
#13 C:\xampp\htdocs\dropshipping\wp-includes\rest-api\endpoints\class-wp-rest-widget-types-controller.php(598): WP_REST_Widget_Types_Controller->render_legacy_widget_preview_iframe('blocksy_ct_cont...', Array)
#14 C:\xampp\htdocs\dropshipping\wp-includes\rest-api\class-wp-rest-server.php(1143): WP_REST_Widget_Types_Controller->render(Object(WP_REST_Request))
#15 C:\xampp\htdocs\dropshipping\wp-includes\rest-api\class-wp-rest-server.php(990): WP_REST_Server->respond_to_request(Object(WP_REST_Request), '/wp/v2/widget-t...', Array, NULL)
#16 C:\xampp\htdocs\dropshipping\wp-includes\rest-api\class-wp-rest-server.php(414): WP_REST_Server->dispatch(Object(WP_REST_Request))
#17 C:\xampp\htdocs\dropshipping\wp-includes\rest-api.php(394): WP_REST_Server->serve_request('/wp/v2/widget-t...')
#18 C:\xampp\htdocs\dropshipping\wp-includes\class-wp-hook.php(307): rest_api_loaded(Object(WP))
#19 C:\xampp\htdocs\dropshipping\wp-includes\class-wp-hook.php(331): WP_Hook->apply_filters(NULL, Array)
#20 C:\xampp\htdocs\dropshipping\wp-includes\plugin.php(524): WP_Hook->do_action(Array)
#21 C:\xampp\htdocs\dropshipping\wp-includes\class-wp.php(398): do_action_ref_array('parse_request', Array)
#22 C:\xampp\htdocs\dropshipping\wp-includes\class-wp.php(770): WP->parse_request('')
#23 C:\xampp\htdocs\dropshipping\wp-includes\functions.php(1330): WP->main('')
#24 C:\xampp\htdocs\dropshipping\wp-blog-header.php(16): wp()
#25 C:\xampp\htdocs\dropshipping\index.php(17): require('C:\\xampp\\htdocs...')
#26 {main}
  thrown in C:\xampp\htdocs\dropshipping\wp-content\plugins\woo-cart-all-in-one\includes\templates\sidebar-cart\sc-content.php on line 107

2022-06-18T00:24:27+00:00 CRITICAL Uncaught Error: Call to a member function get_cart_subtotal() on null in C:\xampp\htdocs\dropshipping\wp-content\plugins\woo-cart-all-in-one\includes\templates\sidebar-cart\sc-content.php:107
Stack trace:
#0 C:\xampp\htdocs\dropshipping\wp-content\plugins\woocommerce\includes\wc-core-functions.php(345): include()
#1 C:\xampp\htdocs\dropshipping\wp-content\plugins\woo-cart-all-in-one\includes\frontend\frontend.php(31): wc_get_template('sc-content.php', Array, 'woo-cart-all-in...', 'C:\\xampp\\htdocs...')
#2 C:\xampp\htdocs\dropshipping\wp-includes\class-wp-hook.php(307): VI_WOO_CART_ALL_IN_ONE_Frontend_Frontend->get_sidebar_cart_content('')
#3 C:\xampp\htdocs\dropshipping\wp-includes\class-wp-hook.php(331): WP_Hook->apply_filters('', Array)
#4 C:\xampp\htdocs\dropshipping\wp-includes\plugin.php(476): WP_Hook->do_action(Array)
#5 C:\xampp\htdocs\dropshipping\wp-content\plugins\woo-cart-all-in-one\includes\templates\sidebar-cart\sidebar-cart.php(25): do_action('vi_wcaio_get_si...')
#6 C:\xampp\htdocs\dropshipping\wp-content\plugins\woocommerce\includes\wc-core-functions.php(345): include('C:\\xampp\\htdocs...')
#7 C:\xampp\htdocs\dropshipping\wp-content\plugins\woo-cart-all-in-one\includes\frontend\sidebar-cart-content.php(50): wc_get_template('sidebar-cart.ph...', Array, 'woocommerce-car...', 'C:\\xampp\\htdocs...')
#8 C:\xampp\htdocs\dropshipping\wp-includes\class-wp-hook.php(307): VI_WOO_CART_ALL_IN_ONE_Frontend_Sidebar_Cart_Content->frontend_html('')
#9 C:\xampp\htdocs\dropshipping\wp-includes\class-wp-hook.php(331): WP_Hook->apply_filters(NULL, Array)
#10 C:\xampp\htdocs\dropshipping\wp-includes\plugin.php(476): WP_Hook->do_action(Array)
#11 C:\xampp\htdocs\dropshipping\wp-includes\general-template.php(3058): do_action('wp_footer')
#12 C:\xampp\htdocs\dropshipping\wp-includes\rest-api\endpoints\class-wp-rest-widget-types-controller.php(650): wp_footer()
#13 C:\xampp\htdocs\dropshipping\wp-includes\rest-api\endpoints\class-wp-rest-widget-types-controller.php(598): WP_REST_Widget_Types_Controller->render_legacy_widget_preview_iframe('blocksy_ct_cont...', Array)
#14 C:\xampp\htdocs\dropshipping\wp-includes\rest-api\class-wp-rest-server.php(1143): WP_REST_Widget_Types_Controller->render(Object(WP_REST_Request))
#15 C:\xampp\htdocs\dropshipping\wp-includes\rest-api\class-wp-rest-server.php(990): WP_REST_Server->respond_to_request(Object(WP_REST_Request), '/wp/v2/widget-t...', Array, NULL)
#16 C:\xampp\htdocs\dropshipping\wp-includes\rest-api\class-wp-rest-server.php(414): WP_REST_Server->dispatch(Object(WP_REST_Request))
#17 C:\xampp\htdocs\dropshipping\wp-includes\rest-api.php(394): WP_REST_Server->serve_request('/wp/v2/widget-t...')
#18 C:\xampp\htdocs\dropshipping\wp-includes\class-wp-hook.php(307): rest_api_loaded(Object(WP))
#19 C:\xampp\htdocs\dropshipping\wp-includes\class-wp-hook.php(331): WP_Hook->apply_filters(NULL, Array)
#20 C:\xampp\htdocs\dropshipping\wp-includes\plugin.php(524): WP_Hook->do_action(Array)
#21 C:\xampp\htdocs\dropshipping\wp-includes\class-wp.php(398): do_action_ref_array('parse_request', Array)
#22 C:\xampp\htdocs\dropshipping\wp-includes\class-wp.php(770): WP->parse_request('')
#23 C:\xampp\htdocs\dropshipping\wp-includes\functions.php(1330): WP->main('')
#24 C:\xampp\htdocs\dropshipping\wp-blog-header.php(16): wp()
#25 C:\xampp\htdocs\dropshipping\index.php(17): require('C:\\xampp\\htdocs...')
#26 {main}
  thrown in C:\xampp\htdocs\dropshipping\wp-content\plugins\woo-cart-all-in-one\includes\templates\sidebar-cart\sc-content.php on line 107

2022-06-18T00:24:31+00:00 CRITICAL Uncaught Error: Call to a member function get_cart_subtotal() on null in C:\xampp\htdocs\dropshipping\wp-content\plugins\woo-cart-all-in-one\includes\templates\sidebar-cart\sc-content.php:107
Stack trace:
#0 C:\xampp\htdocs\dropshipping\wp-content\plugins\woocommerce\includes\wc-core-functions.php(345): include()
#1 C:\xampp\htdocs\dropshipping\wp-content\plugins\woo-cart-all-in-one\includes\frontend\frontend.php(31): wc_get_template('sc-content.php', Array, 'woo-cart-all-in...', 'C:\\xampp\\htdocs...')
#2 C:\xampp\htdocs\dropshipping\wp-includes\class-wp-hook.php(307): VI_WOO_CART_ALL_IN_ONE_Frontend_Frontend->get_sidebar_cart_content('')
#3 C:\xampp\htdocs\dropshipping\wp-includes\class-wp-hook.php(331): WP_Hook->apply_filters('', Array)
#4 C:\xampp\htdocs\dropshipping\wp-includes\plugin.php(476): WP_Hook->do_action(Array)
#5 C:\xampp\htdocs\dropshipping\wp-content\plugins\woo-cart-all-in-one\includes\templates\sidebar-cart\sidebar-cart.php(25): do_action('vi_wcaio_get_si...')
#6 C:\xampp\htdocs\dropshipping\wp-content\plugins\woocommerce\includes\wc-core-functions.php(345): include('C:\\xampp\\htdocs...')
#7 C:\xampp\htdocs\dropshipping\wp-content\plugins\woo-cart-all-in-one\includes\frontend\sidebar-cart-content.php(50): wc_get_template('sidebar-cart.ph...', Array, 'woocommerce-car...', 'C:\\xampp\\htdocs...')
#8 C:\xampp\htdocs\dropshipping\wp-includes\class-wp-hook.php(307): VI_WOO_CART_ALL_IN_ONE_Frontend_Sidebar_Cart_Content->frontend_html('')
#9 C:\xampp\htdocs\dropshipping\wp-includes\class-wp-hook.php(331): WP_Hook->apply_filters(NULL, Array)
#10 C:\xampp\htdocs\dropshipping\wp-includes\plugin.php(476): WP_Hook->do_action(Array)
#11 C:\xampp\htdocs\dropshipping\wp-includes\general-template.php(3058): do_action('wp_footer')
#12 C:\xampp\htdocs\dropshipping\wp-includes\rest-api\endpoints\class-wp-rest-widget-types-controller.php(650): wp_footer()
#13 C:\xampp\htdocs\dropshipping\wp-includes\rest-api\endpoints\class-wp-rest-widget-types-controller.php(598): WP_REST_Widget_Types_Controller->render_legacy_widget_preview_iframe('blocksy_ct_cont...', Array)
#14 C:\xampp\htdocs\dropshipping\wp-includes\rest-api\class-wp-rest-server.php(1143): WP_REST_Widget_Types_Controller->render(Object(WP_REST_Request))
#15 C:\xampp\htdocs\dropshipping\wp-includes\rest-api\class-wp-rest-server.php(990): WP_REST_Server->respond_to_request(Object(WP_REST_Request), '/wp/v2/widget-t...', Array, NULL)
#16 C:\xampp\htdocs\dropshipping\wp-includes\rest-api\class-wp-rest-server.php(414): WP_REST_Server->dispatch(Object(WP_REST_Request))
#17 C:\xampp\htdocs\dropshipping\wp-includes\rest-api.php(394): WP_REST_Server->serve_request('/wp/v2/widget-t...')
#18 C:\xampp\htdocs\dropshipping\wp-includes\class-wp-hook.php(307): rest_api_loaded(Object(WP))
#19 C:\xampp\htdocs\dropshipping\wp-includes\class-wp-hook.php(331): WP_Hook->apply_filters(NULL, Array)
#20 C:\xampp\htdocs\dropshipping\wp-includes\plugin.php(524): WP_Hook->do_action(Array)
#21 C:\xampp\htdocs\dropshipping\wp-includes\class-wp.php(398): do_action_ref_array('parse_request', Array)
#22 C:\xampp\htdocs\dropshipping\wp-includes\class-wp.php(770): WP->parse_request('')
#23 C:\xampp\htdocs\dropshipping\wp-includes\functions.php(1330): WP->main('')
#24 C:\xampp\htdocs\dropshipping\wp-blog-header.php(16): wp()
#25 C:\xampp\htdocs\dropshipping\index.php(17): require('C:\\xampp\\htdocs...')
#26 {main}
  thrown in C:\xampp\htdocs\dropshipping\wp-content\plugins\woo-cart-all-in-one\includes\templates\sidebar-cart\sc-content.php on line 107

2022-06-18T00:24:35+00:00 CRITICAL Uncaught Error: Call to a member function get_cart_subtotal() on null in C:\xampp\htdocs\dropshipping\wp-content\plugins\woo-cart-all-in-one\includes\templates\sidebar-cart\sc-content.php:107
Stack trace:
#0 C:\xampp\htdocs\dropshipping\wp-content\plugins\woocommerce\includes\wc-core-functions.php(345): include()
#1 C:\xampp\htdocs\dropshipping\wp-content\plugins\woo-cart-all-in-one\includes\frontend\frontend.php(31): wc_get_template('sc-content.php', Array, 'woo-cart-all-in...', 'C:\\xampp\\htdocs...')
#2 C:\xampp\htdocs\dropshipping\wp-includes\class-wp-hook.php(307): VI_WOO_CART_ALL_IN_ONE_Frontend_Frontend->get_sidebar_cart_content('')
#3 C:\xampp\htdocs\dropshipping\wp-includes\class-wp-hook.php(331): WP_Hook->apply_filters('', Array)
#4 C:\xampp\htdocs\dropshipping\wp-includes\plugin.php(476): WP_Hook->do_action(Array)
#5 C:\xampp\htdocs\dropshipping\wp-content\plugins\woo-cart-all-in-one\includes\templates\sidebar-cart\sidebar-cart.php(25): do_action('vi_wcaio_get_si...')
#6 C:\xampp\htdocs\dropshipping\wp-content\plugins\woocommerce\includes\wc-core-functions.php(345): include('C:\\xampp\\htdocs...')
#7 C:\xampp\htdocs\dropshipping\wp-content\plugins\woo-cart-all-in-one\includes\frontend\sidebar-cart-content.php(50): wc_get_template('sidebar-cart.ph...', Array, 'woocommerce-car...', 'C:\\xampp\\htdocs...')
#8 C:\xampp\htdocs\dropshipping\wp-includes\class-wp-hook.php(307): VI_WOO_CART_ALL_IN_ONE_Frontend_Sidebar_Cart_Content->frontend_html('')
#9 C:\xampp\htdocs\dropshipping\wp-includes\class-wp-hook.php(331): WP_Hook->apply_filters(NULL, Array)
#10 C:\xampp\htdocs\dropshipping\wp-includes\plugin.php(476): WP_Hook->do_action(Array)
#11 C:\xampp\htdocs\dropshipping\wp-includes\general-template.php(3058): do_action('wp_footer')
#12 C:\xampp\htdocs\dropshipping\wp-includes\rest-api\endpoints\class-wp-rest-widget-types-controller.php(650): wp_footer()
#13 C:\xampp\htdocs\dropshipping\wp-includes\rest-api\endpoints\class-wp-rest-widget-types-controller.php(598): WP_REST_Widget_Types_Controller->render_legacy_widget_preview_iframe('blocksy_ct_cont...', Array)
#14 C:\xampp\htdocs\dropshipping\wp-includes\rest-api\class-wp-rest-server.php(1143): WP_REST_Widget_Types_Controller->render(Object(WP_REST_Request))
#15 C:\xampp\htdocs\dropshipping\wp-includes\rest-api\class-wp-rest-server.php(990): WP_REST_Server->respond_to_request(Object(WP_REST_Request), '/wp/v2/widget-t...', Array, NULL)
#16 C:\xampp\htdocs\dropshipping\wp-includes\rest-api\class-wp-rest-server.php(414): WP_REST_Server->dispatch(Object(WP_REST_Request))
#17 C:\xampp\htdocs\dropshipping\wp-includes\rest-api.php(394): WP_REST_Server->serve_request('/wp/v2/widget-t...')
#18 C:\xampp\htdocs\dropshipping\wp-includes\class-wp-hook.php(307): rest_api_loaded(Object(WP))
#19 C:\xampp\htdocs\dropshipping\wp-includes\class-wp-hook.php(331): WP_Hook->apply_filters(NULL, Array)
#20 C:\xampp\htdocs\dropshipping\wp-includes\plugin.php(524): WP_Hook->do_action(Array)
#21 C:\xampp\htdocs\dropshipping\wp-includes\class-wp.php(398): do_action_ref_array('parse_request', Array)
#22 C:\xampp\htdocs\dropshipping\wp-includes\class-wp.php(770): WP->parse_request('')
#23 C:\xampp\htdocs\dropshipping\wp-includes\functions.php(1330): WP->main('')
#24 C:\xampp\htdocs\dropshipping\wp-blog-header.php(16): wp()
#25 C:\xampp\htdocs\dropshipping\index.php(17): require('C:\\xampp\\htdocs...')
#26 {main}
  thrown in C:\xampp\htdocs\dropshipping\wp-content\plugins\woo-cart-all-in-one\includes\templates\sidebar-cart\sc-content.php on line 107

2022-06-18T00:24:41+00:00 CRITICAL Uncaught Error: Call to a member function get_cart_subtotal() on null in C:\xampp\htdocs\dropshipping\wp-content\plugins\woo-cart-all-in-one\includes\templates\sidebar-cart\sc-content.php:107
Stack trace:
#0 C:\xampp\htdocs\dropshipping\wp-content\plugins\woocommerce\includes\wc-core-functions.php(345): include()
#1 C:\xampp\htdocs\dropshipping\wp-content\plugins\woo-cart-all-in-one\includes\frontend\frontend.php(31): wc_get_template('sc-content.php', Array, 'woo-cart-all-in...', 'C:\\xampp\\htdocs...')
#2 C:\xampp\htdocs\dropshipping\wp-includes\class-wp-hook.php(307): VI_WOO_CART_ALL_IN_ONE_Frontend_Frontend->get_sidebar_cart_content('')
#3 C:\xampp\htdocs\dropshipping\wp-includes\class-wp-hook.php(331): WP_Hook->apply_filters('', Array)
#4 C:\xampp\htdocs\dropshipping\wp-includes\plugin.php(476): WP_Hook->do_action(Array)
#5 C:\xampp\htdocs\dropshipping\wp-content\plugins\woo-cart-all-in-one\includes\templates\sidebar-cart\sidebar-cart.php(25): do_action('vi_wcaio_get_si...')
#6 C:\xampp\htdocs\dropshipping\wp-content\plugins\woocommerce\includes\wc-core-functions.php(345): include('C:\\xampp\\htdocs...')
#7 C:\xampp\htdocs\dropshipping\wp-content\plugins\woo-cart-all-in-one\includes\frontend\sidebar-cart-content.php(50): wc_get_template('sidebar-cart.ph...', Array, 'woocommerce-car...', 'C:\\xampp\\htdocs...')
#8 C:\xampp\htdocs\dropshipping\wp-includes\class-wp-hook.php(307): VI_WOO_CART_ALL_IN_ONE_Frontend_Sidebar_Cart_Content->frontend_html('')
#9 C:\xampp\htdocs\dropshipping\wp-includes\class-wp-hook.php(331): WP_Hook->apply_filters(NULL, Array)
#10 C:\xampp\htdocs\dropshipping\wp-includes\plugin.php(476): WP_Hook->do_action(Array)
#11 C:\xampp\htdocs\dropshipping\wp-includes\general-template.php(3058): do_action('wp_footer')
#12 C:\xampp\htdocs\dropshipping\wp-includes\rest-api\endpoints\class-wp-rest-widget-types-controller.php(650): wp_footer()
#13 C:\xampp\htdocs\dropshipping\wp-includes\rest-api\endpoints\class-wp-rest-widget-types-controller.php(598): WP_REST_Widget_Types_Controller->render_legacy_widget_preview_iframe('blocksy_ct_cont...', Array)
#14 C:\xampp\htdocs\dropshipping\wp-includes\rest-api\class-wp-rest-server.php(1143): WP_REST_Widget_Types_Controller->render(Object(WP_REST_Request))
#15 C:\xampp\htdocs\dropshipping\wp-includes\rest-api\class-wp-rest-server.php(990): WP_REST_Server->respond_to_request(Object(WP_REST_Request), '/wp/v2/widget-t...', Array, NULL)
#16 C:\xampp\htdocs\dropshipping\wp-includes\rest-api\class-wp-rest-server.php(414): WP_REST_Server->dispatch(Object(WP_REST_Request))
#17 C:\xampp\htdocs\dropshipping\wp-includes\rest-api.php(394): WP_REST_Server->serve_request('/wp/v2/widget-t...')
#18 C:\xampp\htdocs\dropshipping\wp-includes\class-wp-hook.php(307): rest_api_loaded(Object(WP))
#19 C:\xampp\htdocs\dropshipping\wp-includes\class-wp-hook.php(331): WP_Hook->apply_filters(NULL, Array)
#20 C:\xampp\htdocs\dropshipping\wp-includes\plugin.php(524): WP_Hook->do_action(Array)
#21 C:\xampp\htdocs\dropshipping\wp-includes\class-wp.php(398): do_action_ref_array('parse_request', Array)
#22 C:\xampp\htdocs\dropshipping\wp-includes\class-wp.php(770): WP->parse_request('')
#23 C:\xampp\htdocs\dropshipping\wp-includes\functions.php(1330): WP->main('')
#24 C:\xampp\htdocs\dropshipping\wp-blog-header.php(16): wp()
#25 C:\xampp\htdocs\dropshipping\index.php(17): require('C:\\xampp\\htdocs...')
#26 {main}
  thrown in C:\xampp\htdocs\dropshipping\wp-content\plugins\woo-cart-all-in-one\includes\templates\sidebar-cart\sc-content.php on line 107

2022-06-18T00:24:52+00:00 CRITICAL Uncaught Error: Call to a member function get_cart_subtotal() on null in C:\xampp\htdocs\dropshipping\wp-content\plugins\woo-cart-all-in-one\includes\templates\sidebar-cart\sc-content.php:107
Stack trace:
#0 C:\xampp\htdocs\dropshipping\wp-content\plugins\woocommerce\includes\wc-core-functions.php(345): include()
#1 C:\xampp\htdocs\dropshipping\wp-content\plugins\woo-cart-all-in-one\includes\frontend\frontend.php(31): wc_get_template('sc-content.php', Array, 'woo-cart-all-in...', 'C:\\xampp\\htdocs...')
#2 C:\xampp\htdocs\dropshipping\wp-includes\class-wp-hook.php(307): VI_WOO_CART_ALL_IN_ONE_Frontend_Frontend->get_sidebar_cart_content('')
#3 C:\xampp\htdocs\dropshipping\wp-includes\class-wp-hook.php(331): WP_Hook->apply_filters('', Array)
#4 C:\xampp\htdocs\dropshipping\wp-includes\plugin.php(476): WP_Hook->do_action(Array)
#5 C:\xampp\htdocs\dropshipping\wp-content\plugins\woo-cart-all-in-one\includes\templates\sidebar-cart\sidebar-cart.php(25): do_action('vi_wcaio_get_si...')
#6 C:\xampp\htdocs\dropshipping\wp-content\plugins\woocommerce\includes\wc-core-functions.php(345): include('C:\\xampp\\htdocs...')
#7 C:\xampp\htdocs\dropshipping\wp-content\plugins\woo-cart-all-in-one\includes\frontend\sidebar-cart-content.php(50): wc_get_template('sidebar-cart.ph...', Array, 'woocommerce-car...', 'C:\\xampp\\htdocs...')
#8 C:\xampp\htdocs\dropshipping\wp-includes\class-wp-hook.php(307): VI_WOO_CART_ALL_IN_ONE_Frontend_Sidebar_Cart_Content->frontend_html('')
#9 C:\xampp\htdocs\dropshipping\wp-includes\class-wp-hook.php(331): WP_Hook->apply_filters(NULL, Array)
#10 C:\xampp\htdocs\dropshipping\wp-includes\plugin.php(476): WP_Hook->do_action(Array)
#11 C:\xampp\htdocs\dropshipping\wp-includes\general-template.php(3058): do_action('wp_footer')
#12 C:\xampp\htdocs\dropshipping\wp-includes\rest-api\endpoints\class-wp-rest-widget-types-controller.php(650): wp_footer()
#13 C:\xampp\htdocs\dropshipping\wp-includes\rest-api\endpoints\class-wp-rest-widget-types-controller.php(598): WP_REST_Widget_Types_Controller->render_legacy_widget_preview_iframe('blocksy_ct_cont...', Array)
#14 C:\xampp\htdocs\dropshipping\wp-includes\rest-api\class-wp-rest-server.php(1143): WP_REST_Widget_Types_Controller->render(Object(WP_REST_Request))
#15 C:\xampp\htdocs\dropshipping\wp-includes\rest-api\class-wp-rest-server.php(990): WP_REST_Server->respond_to_request(Object(WP_REST_Request), '/wp/v2/widget-t...', Array, NULL)
#16 C:\xampp\htdocs\dropshipping\wp-includes\rest-api\class-wp-rest-server.php(414): WP_REST_Server->dispatch(Object(WP_REST_Request))
#17 C:\xampp\htdocs\dropshipping\wp-includes\rest-api.php(394): WP_REST_Server->serve_request('/wp/v2/widget-t...')
#18 C:\xampp\htdocs\dropshipping\wp-includes\class-wp-hook.php(307): rest_api_loaded(Object(WP))
#19 C:\xampp\htdocs\dropshipping\wp-includes\class-wp-hook.php(331): WP_Hook->apply_filters(NULL, Array)
#20 C:\xampp\htdocs\dropshipping\wp-includes\plugin.php(524): WP_Hook->do_action(Array)
#21 C:\xampp\htdocs\dropshipping\wp-includes\class-wp.php(398): do_action_ref_array('parse_request', Array)
#22 C:\xampp\htdocs\dropshipping\wp-includes\class-wp.php(770): WP->parse_request('')
#23 C:\xampp\htdocs\dropshipping\wp-includes\functions.php(1330): WP->main('')
#24 C:\xampp\htdocs\dropshipping\wp-blog-header.php(16): wp()
#25 C:\xampp\htdocs\dropshipping\index.php(17): require('C:\\xampp\\htdocs...')
#26 {main}
  thrown in C:\xampp\htdocs\dropshipping\wp-content\plugins\woo-cart-all-in-one\includes\templates\sidebar-cart\sc-content.php on line 107

2022-06-18T00:25:03+00:00 CRITICAL Uncaught Error: Call to a member function get_cart_subtotal() on null in C:\xampp\htdocs\dropshipping\wp-content\plugins\woo-cart-all-in-one\includes\templates\sidebar-cart\sc-content.php:107
Stack trace:
#0 C:\xampp\htdocs\dropshipping\wp-content\plugins\woocommerce\includes\wc-core-functions.php(345): include()
#1 C:\xampp\htdocs\dropshipping\wp-content\plugins\woo-cart-all-in-one\includes\frontend\frontend.php(31): wc_get_template('sc-content.php', Array, 'woo-cart-all-in...', 'C:\\xampp\\htdocs...')
#2 C:\xampp\htdocs\dropshipping\wp-includes\class-wp-hook.php(307): VI_WOO_CART_ALL_IN_ONE_Frontend_Frontend->get_sidebar_cart_content('')
#3 C:\xampp\htdocs\dropshipping\wp-includes\class-wp-hook.php(331): WP_Hook->apply_filters('', Array)
#4 C:\xampp\htdocs\dropshipping\wp-includes\plugin.php(476): WP_Hook->do_action(Array)
#5 C:\xampp\htdocs\dropshipping\wp-content\plugins\woo-cart-all-in-one\includes\templates\sidebar-cart\sidebar-cart.php(25): do_action('vi_wcaio_get_si...')
#6 C:\xampp\htdocs\dropshipping\wp-content\plugins\woocommerce\includes\wc-core-functions.php(345): include('C:\\xampp\\htdocs...')
#7 C:\xampp\htdocs\dropshipping\wp-content\plugins\woo-cart-all-in-one\includes\frontend\sidebar-cart-content.php(50): wc_get_template('sidebar-cart.ph...', Array, 'woocommerce-car...', 'C:\\xampp\\htdocs...')
#8 C:\xampp\htdocs\dropshipping\wp-includes\class-wp-hook.php(307): VI_WOO_CART_ALL_IN_ONE_Frontend_Sidebar_Cart_Content->frontend_html('')
#9 C:\xampp\htdocs\dropshipping\wp-includes\class-wp-hook.php(331): WP_Hook->apply_filters(NULL, Array)
#10 C:\xampp\htdocs\dropshipping\wp-includes\plugin.php(476): WP_Hook->do_action(Array)
#11 C:\xampp\htdocs\dropshipping\wp-includes\general-template.php(3058): do_action('wp_footer')
#12 C:\xampp\htdocs\dropshipping\wp-includes\rest-api\endpoints\class-wp-rest-widget-types-controller.php(650): wp_footer()
#13 C:\xampp\htdocs\dropshipping\wp-includes\rest-api\endpoints\class-wp-rest-widget-types-controller.php(598): WP_REST_Widget_Types_Controller->render_legacy_widget_preview_iframe('blocksy_ct_cont...', Array)
#14 C:\xampp\htdocs\dropshipping\wp-includes\rest-api\class-wp-rest-server.php(1143): WP_REST_Widget_Types_Controller->render(Object(WP_REST_Request))
#15 C:\xampp\htdocs\dropshipping\wp-includes\rest-api\class-wp-rest-server.php(990): WP_REST_Server->respond_to_request(Object(WP_REST_Request), '/wp/v2/widget-t...', Array, NULL)
#16 C:\xampp\htdocs\dropshipping\wp-includes\rest-api\class-wp-rest-server.php(414): WP_REST_Server->dispatch(Object(WP_REST_Request))
#17 C:\xampp\htdocs\dropshipping\wp-includes\rest-api.php(394): WP_REST_Server->serve_request('/wp/v2/widget-t...')
#18 C:\xampp\htdocs\dropshipping\wp-includes\class-wp-hook.php(307): rest_api_loaded(Object(WP))
#19 C:\xampp\htdocs\dropshipping\wp-includes\class-wp-hook.php(331): WP_Hook->apply_filters(NULL, Array)
#20 C:\xampp\htdocs\dropshipping\wp-includes\plugin.php(524): WP_Hook->do_action(Array)
#21 C:\xampp\htdocs\dropshipping\wp-includes\class-wp.php(398): do_action_ref_array('parse_request', Array)
#22 C:\xampp\htdocs\dropshipping\wp-includes\class-wp.php(770): WP->parse_request('')
#23 C:\xampp\htdocs\dropshipping\wp-includes\functions.php(1330): WP->main('')
#24 C:\xampp\htdocs\dropshipping\wp-blog-header.php(16): wp()
#25 C:\xampp\htdocs\dropshipping\index.php(17): require('C:\\xampp\\htdocs...')
#26 {main}
  thrown in C:\xampp\htdocs\dropshipping\wp-content\plugins\woo-cart-all-in-one\includes\templates\sidebar-cart\sc-content.php on line 107

2022-06-18T00:25:10+00:00 CRITICAL Uncaught Error: Call to a member function get_cart_subtotal() on null in C:\xampp\htdocs\dropshipping\wp-content\plugins\woo-cart-all-in-one\includes\templates\sidebar-cart\sc-content.php:107
Stack trace:
#0 C:\xampp\htdocs\dropshipping\wp-content\plugins\woocommerce\includes\wc-core-functions.php(345): include()
#1 C:\xampp\htdocs\dropshipping\wp-content\plugins\woo-cart-all-in-one\includes\frontend\frontend.php(31): wc_get_template('sc-content.php', Array, 'woo-cart-all-in...', 'C:\\xampp\\htdocs...')
#2 C:\xampp\htdocs\dropshipping\wp-includes\class-wp-hook.php(307): VI_WOO_CART_ALL_IN_ONE_Frontend_Frontend->get_sidebar_cart_content('')
#3 C:\xampp\htdocs\dropshipping\wp-includes\class-wp-hook.php(331): WP_Hook->apply_filters('', Array)
#4 C:\xampp\htdocs\dropshipping\wp-includes\plugin.php(476): WP_Hook->do_action(Array)
#5 C:\xampp\htdocs\dropshipping\wp-content\plugins\woo-cart-all-in-one\includes\templates\sidebar-cart\sidebar-cart.php(25): do_action('vi_wcaio_get_si...')
#6 C:\xampp\htdocs\dropshipping\wp-content\plugins\woocommerce\includes\wc-core-functions.php(345): include('C:\\xampp\\htdocs...')
#7 C:\xampp\htdocs\dropshipping\wp-content\plugins\woo-cart-all-in-one\includes\frontend\sidebar-cart-content.php(50): wc_get_template('sidebar-cart.ph...', Array, 'woocommerce-car...', 'C:\\xampp\\htdocs...')
#8 C:\xampp\htdocs\dropshipping\wp-includes\class-wp-hook.php(307): VI_WOO_CART_ALL_IN_ONE_Frontend_Sidebar_Cart_Content->frontend_html('')
#9 C:\xampp\htdocs\dropshipping\wp-includes\class-wp-hook.php(331): WP_Hook->apply_filters(NULL, Array)
#10 C:\xampp\htdocs\dropshipping\wp-includes\plugin.php(476): WP_Hook->do_action(Array)
#11 C:\xampp\htdocs\dropshipping\wp-includes\general-template.php(3058): do_action('wp_footer')
#12 C:\xampp\htdocs\dropshipping\wp-includes\rest-api\endpoints\class-wp-rest-widget-types-controller.php(650): wp_footer()
#13 C:\xampp\htdocs\dropshipping\wp-includes\rest-api\endpoints\class-wp-rest-widget-types-controller.php(598): WP_REST_Widget_Types_Controller->render_legacy_widget_preview_iframe('blocksy_ct_cont...', Array)
#14 C:\xampp\htdocs\dropshipping\wp-includes\rest-api\class-wp-rest-server.php(1143): WP_REST_Widget_Types_Controller->render(Object(WP_REST_Request))
#15 C:\xampp\htdocs\dropshipping\wp-includes\rest-api\class-wp-rest-server.php(990): WP_REST_Server->respond_to_request(Object(WP_REST_Request), '/wp/v2/widget-t...', Array, NULL)
#16 C:\xampp\htdocs\dropshipping\wp-includes\rest-api\class-wp-rest-server.php(414): WP_REST_Server->dispatch(Object(WP_REST_Request))
#17 C:\xampp\htdocs\dropshipping\wp-includes\rest-api.php(394): WP_REST_Server->serve_request('/wp/v2/widget-t...')
#18 C:\xampp\htdocs\dropshipping\wp-includes\class-wp-hook.php(307): rest_api_loaded(Object(WP))
#19 C:\xampp\htdocs\dropshipping\wp-includes\class-wp-hook.php(331): WP_Hook->apply_filters(NULL, Array)
#20 C:\xampp\htdocs\dropshipping\wp-includes\plugin.php(524): WP_Hook->do_action(Array)
#21 C:\xampp\htdocs\dropshipping\wp-includes\class-wp.php(398): do_action_ref_array('parse_request', Array)
#22 C:\xampp\htdocs\dropshipping\wp-includes\class-wp.php(770): WP->parse_request('')
#23 C:\xampp\htdocs\dropshipping\wp-includes\functions.php(1330): WP->main('')
#24 C:\xampp\htdocs\dropshipping\wp-blog-header.php(16): wp()
#25 C:\xampp\htdocs\dropshipping\index.php(17): require('C:\\xampp\\htdocs...')
#26 {main}
  thrown in C:\xampp\htdocs\dropshipping\wp-content\plugins\woo-cart-all-in-one\includes\templates\sidebar-cart\sc-content.php on line 107

2022-06-18T00:25:12+00:00 CRITICAL Uncaught Error: Call to a member function get_cart_subtotal() on null in C:\xampp\htdocs\dropshipping\wp-content\plugins\woo-cart-all-in-one\includes\templates\sidebar-cart\sc-content.php:107
Stack trace:
#0 C:\xampp\htdocs\dropshipping\wp-content\plugins\woocommerce\includes\wc-core-functions.php(345): include()
#1 C:\xampp\htdocs\dropshipping\wp-content\plugins\woo-cart-all-in-one\includes\frontend\frontend.php(31): wc_get_template('sc-content.php', Array, 'woo-cart-all-in...', 'C:\\xampp\\htdocs...')
#2 C:\xampp\htdocs\dropshipping\wp-includes\class-wp-hook.php(307): VI_WOO_CART_ALL_IN_ONE_Frontend_Frontend->get_sidebar_cart_content('')
#3 C:\xampp\htdocs\dropshipping\wp-includes\class-wp-hook.php(331): WP_Hook->apply_filters('', Array)
#4 C:\xampp\htdocs\dropshipping\wp-includes\plugin.php(476): WP_Hook->do_action(Array)
#5 C:\xampp\htdocs\dropshipping\wp-content\plugins\woo-cart-all-in-one\includes\templates\sidebar-cart\sidebar-cart.php(25): do_action('vi_wcaio_get_si...')
#6 C:\xampp\htdocs\dropshipping\wp-content\plugins\woocommerce\includes\wc-core-functions.php(345): include('C:\\xampp\\htdocs...')
#7 C:\xampp\htdocs\dropshipping\wp-content\plugins\woo-cart-all-in-one\includes\frontend\sidebar-cart-content.php(50): wc_get_template('sidebar-cart.ph...', Array, 'woocommerce-car...', 'C:\\xampp\\htdocs...')
#8 C:\xampp\htdocs\dropshipping\wp-includes\class-wp-hook.php(307): VI_WOO_CART_ALL_IN_ONE_Frontend_Sidebar_Cart_Content->frontend_html('')
#9 C:\xampp\htdocs\dropshipping\wp-includes\class-wp-hook.php(331): WP_Hook->apply_filters(NULL, Array)
#10 C:\xampp\htdocs\dropshipping\wp-includes\plugin.php(476): WP_Hook->do_action(Array)
#11 C:\xampp\htdocs\dropshipping\wp-includes\general-template.php(3058): do_action('wp_footer')
#12 C:\xampp\htdocs\dropshipping\wp-includes\rest-api\endpoints\class-wp-rest-widget-types-controller.php(650): wp_footer()
#13 C:\xampp\htdocs\dropshipping\wp-includes\rest-api\endpoints\class-wp-rest-widget-types-controller.php(598): WP_REST_Widget_Types_Controller->render_legacy_widget_preview_iframe('blocksy_ct_cont...', Array)
#14 C:\xampp\htdocs\dropshipping\wp-includes\rest-api\class-wp-rest-server.php(1143): WP_REST_Widget_Types_Controller->render(Object(WP_REST_Request))
#15 C:\xampp\htdocs\dropshipping\wp-includes\rest-api\class-wp-rest-server.php(990): WP_REST_Server->respond_to_request(Object(WP_REST_Request), '/wp/v2/widget-t...', Array, NULL)
#16 C:\xampp\htdocs\dropshipping\wp-includes\rest-api\class-wp-rest-server.php(414): WP_REST_Server->dispatch(Object(WP_REST_Request))
#17 C:\xampp\htdocs\dropshipping\wp-includes\rest-api.php(394): WP_REST_Server->serve_request('/wp/v2/widget-t...')
#18 C:\xampp\htdocs\dropshipping\wp-includes\class-wp-hook.php(307): rest_api_loaded(Object(WP))
#19 C:\xampp\htdocs\dropshipping\wp-includes\class-wp-hook.php(331): WP_Hook->apply_filters(NULL, Array)
#20 C:\xampp\htdocs\dropshipping\wp-includes\plugin.php(524): WP_Hook->do_action(Array)
#21 C:\xampp\htdocs\dropshipping\wp-includes\class-wp.php(398): do_action_ref_array('parse_request', Array)
#22 C:\xampp\htdocs\dropshipping\wp-includes\class-wp.php(770): WP->parse_request('')
#23 C:\xampp\htdocs\dropshipping\wp-includes\functions.php(1330): WP->main('')
#24 C:\xampp\htdocs\dropshipping\wp-blog-header.php(16): wp()
#25 C:\xampp\htdocs\dropshipping\index.php(17): require('C:\\xampp\\htdocs...')
#26 {main}
  thrown in C:\xampp\htdocs\dropshipping\wp-content\plugins\woo-cart-all-in-one\includes\templates\sidebar-cart\sc-content.php on line 107

2022-06-18T00:25:29+00:00 CRITICAL Uncaught Error: Call to a member function get_cart_subtotal() on null in C:\xampp\htdocs\dropshipping\wp-content\plugins\woo-cart-all-in-one\includes\templates\sidebar-cart\sc-content.php:107
Stack trace:
#0 C:\xampp\htdocs\dropshipping\wp-content\plugins\woocommerce\includes\wc-core-functions.php(345): include()
#1 C:\xampp\htdocs\dropshipping\wp-content\plugins\woo-cart-all-in-one\includes\frontend\frontend.php(31): wc_get_template('sc-content.php', Array, 'woo-cart-all-in...', 'C:\\xampp\\htdocs...')
#2 C:\xampp\htdocs\dropshipping\wp-includes\class-wp-hook.php(307): VI_WOO_CART_ALL_IN_ONE_Frontend_Frontend->get_sidebar_cart_content('')
#3 C:\xampp\htdocs\dropshipping\wp-includes\class-wp-hook.php(331): WP_Hook->apply_filters('', Array)
#4 C:\xampp\htdocs\dropshipping\wp-includes\plugin.php(476): WP_Hook->do_action(Array)
#5 C:\xampp\htdocs\dropshipping\wp-content\plugins\woo-cart-all-in-one\includes\templates\sidebar-cart\sidebar-cart.php(25): do_action('vi_wcaio_get_si...')
#6 C:\xampp\htdocs\dropshipping\wp-content\plugins\woocommerce\includes\wc-core-functions.php(345): include('C:\\xampp\\htdocs...')
#7 C:\xampp\htdocs\dropshipping\wp-content\plugins\woo-cart-all-in-one\includes\frontend\sidebar-cart-content.php(50): wc_get_template('sidebar-cart.ph...', Array, 'woocommerce-car...', 'C:\\xampp\\htdocs...')
#8 C:\xampp\htdocs\dropshipping\wp-includes\class-wp-hook.php(307): VI_WOO_CART_ALL_IN_ONE_Frontend_Sidebar_Cart_Content->frontend_html('')
#9 C:\xampp\htdocs\dropshipping\wp-includes\class-wp-hook.php(331): WP_Hook->apply_filters(NULL, Array)
#10 C:\xampp\htdocs\dropshipping\wp-includes\plugin.php(476): WP_Hook->do_action(Array)
#11 C:\xampp\htdocs\dropshipping\wp-includes\general-template.php(3058): do_action('wp_footer')
#12 C:\xampp\htdocs\dropshipping\wp-includes\rest-api\endpoints\class-wp-rest-widget-types-controller.php(650): wp_footer()
#13 C:\xampp\htdocs\dropshipping\wp-includes\rest-api\endpoints\class-wp-rest-widget-types-controller.php(598): WP_REST_Widget_Types_Controller->render_legacy_widget_preview_iframe('blocksy_ct_cont...', Array)
#14 C:\xampp\htdocs\dropshipping\wp-includes\rest-api\class-wp-rest-server.php(1143): WP_REST_Widget_Types_Controller->render(Object(WP_REST_Request))
#15 C:\xampp\htdocs\dropshipping\wp-includes\rest-api\class-wp-rest-server.php(990): WP_REST_Server->respond_to_request(Object(WP_REST_Request), '/wp/v2/widget-t...', Array, NULL)
#16 C:\xampp\htdocs\dropshipping\wp-includes\rest-api\class-wp-rest-server.php(414): WP_REST_Server->dispatch(Object(WP_REST_Request))
#17 C:\xampp\htdocs\dropshipping\wp-includes\rest-api.php(394): WP_REST_Server->serve_request('/wp/v2/widget-t...')
#18 C:\xampp\htdocs\dropshipping\wp-includes\class-wp-hook.php(307): rest_api_loaded(Object(WP))
#19 C:\xampp\htdocs\dropshipping\wp-includes\class-wp-hook.php(331): WP_Hook->apply_filters(NULL, Array)
#20 C:\xampp\htdocs\dropshipping\wp-includes\plugin.php(524): WP_Hook->do_action(Array)
#21 C:\xampp\htdocs\dropshipping\wp-includes\class-wp.php(398): do_action_ref_array('parse_request', Array)
#22 C:\xampp\htdocs\dropshipping\wp-includes\class-wp.php(770): WP->parse_request('')
#23 C:\xampp\htdocs\dropshipping\wp-includes\functions.php(1330): WP->main('')
#24 C:\xampp\htdocs\dropshipping\wp-blog-header.php(16): wp()
#25 C:\xampp\htdocs\dropshipping\index.php(17): require('C:\\xampp\\htdocs...')
#26 {main}
  thrown in C:\xampp\htdocs\dropshipping\wp-content\plugins\woo-cart-all-in-one\includes\templates\sidebar-cart\sc-content.php on line 107

2022-06-18T00:25:32+00:00 CRITICAL Uncaught Error: Call to a member function get_cart_subtotal() on null in C:\xampp\htdocs\dropshipping\wp-content\plugins\woo-cart-all-in-one\includes\templates\sidebar-cart\sc-content.php:107
Stack trace:
#0 C:\xampp\htdocs\dropshipping\wp-content\plugins\woocommerce\includes\wc-core-functions.php(345): include()
#1 C:\xampp\htdocs\dropshipping\wp-content\plugins\woo-cart-all-in-one\includes\frontend\frontend.php(31): wc_get_template('sc-content.php', Array, 'woo-cart-all-in...', 'C:\\xampp\\htdocs...')
#2 C:\xampp\htdocs\dropshipping\wp-includes\class-wp-hook.php(307): VI_WOO_CART_ALL_IN_ONE_Frontend_Frontend->get_sidebar_cart_content('')
#3 C:\xampp\htdocs\dropshipping\wp-includes\class-wp-hook.php(331): WP_Hook->apply_filters('', Array)
#4 C:\xampp\htdocs\dropshipping\wp-includes\plugin.php(476): WP_Hook->do_action(Array)
#5 C:\xampp\htdocs\dropshipping\wp-content\plugins\woo-cart-all-in-one\includes\templates\sidebar-cart\sidebar-cart.php(25): do_action('vi_wcaio_get_si...')
#6 C:\xampp\htdocs\dropshipping\wp-content\plugins\woocommerce\includes\wc-core-functions.php(345): include('C:\\xampp\\htdocs...')
#7 C:\xampp\htdocs\dropshipping\wp-content\plugins\woo-cart-all-in-one\includes\frontend\sidebar-cart-content.php(50): wc_get_template('sidebar-cart.ph...', Array, 'woocommerce-car...', 'C:\\xampp\\htdocs...')
#8 C:\xampp\htdocs\dropshipping\wp-includes\class-wp-hook.php(307): VI_WOO_CART_ALL_IN_ONE_Frontend_Sidebar_Cart_Content->frontend_html('')
#9 C:\xampp\htdocs\dropshipping\wp-includes\class-wp-hook.php(331): WP_Hook->apply_filters(NULL, Array)
#10 C:\xampp\htdocs\dropshipping\wp-includes\plugin.php(476): WP_Hook->do_action(Array)
#11 C:\xampp\htdocs\dropshipping\wp-includes\general-template.php(3058): do_action('wp_footer')
#12 C:\xampp\htdocs\dropshipping\wp-includes\rest-api\endpoints\class-wp-rest-widget-types-controller.php(650): wp_footer()
#13 C:\xampp\htdocs\dropshipping\wp-includes\rest-api\endpoints\class-wp-rest-widget-types-controller.php(598): WP_REST_Widget_Types_Controller->render_legacy_widget_preview_iframe('blocksy_ct_cont...', Array)
#14 C:\xampp\htdocs\dropshipping\wp-includes\rest-api\class-wp-rest-server.php(1143): WP_REST_Widget_Types_Controller->render(Object(WP_REST_Request))
#15 C:\xampp\htdocs\dropshipping\wp-includes\rest-api\class-wp-rest-server.php(990): WP_REST_Server->respond_to_request(Object(WP_REST_Request), '/wp/v2/widget-t...', Array, NULL)
#16 C:\xampp\htdocs\dropshipping\wp-includes\rest-api\class-wp-rest-server.php(414): WP_REST_Server->dispatch(Object(WP_REST_Request))
#17 C:\xampp\htdocs\dropshipping\wp-includes\rest-api.php(394): WP_REST_Server->serve_request('/wp/v2/widget-t...')
#18 C:\xampp\htdocs\dropshipping\wp-includes\class-wp-hook.php(307): rest_api_loaded(Object(WP))
#19 C:\xampp\htdocs\dropshipping\wp-includes\class-wp-hook.php(331): WP_Hook->apply_filters(NULL, Array)
#20 C:\xampp\htdocs\dropshipping\wp-includes\plugin.php(524): WP_Hook->do_action(Array)
#21 C:\xampp\htdocs\dropshipping\wp-includes\class-wp.php(398): do_action_ref_array('parse_request', Array)
#22 C:\xampp\htdocs\dropshipping\wp-includes\class-wp.php(770): WP->parse_request('')
#23 C:\xampp\htdocs\dropshipping\wp-includes\functions.php(1330): WP->main('')
#24 C:\xampp\htdocs\dropshipping\wp-blog-header.php(16): wp()
#25 C:\xampp\htdocs\dropshipping\index.php(17): require('C:\\xampp\\htdocs...')
#26 {main}
  thrown in C:\xampp\htdocs\dropshipping\wp-content\plugins\woo-cart-all-in-one\includes\templates\sidebar-cart\sc-content.php on line 107

2022-06-18T00:25:33+00:00 CRITICAL Uncaught Error: Call to a member function get_cart_subtotal() on null in C:\xampp\htdocs\dropshipping\wp-content\plugins\woo-cart-all-in-one\includes\templates\sidebar-cart\sc-content.php:107
Stack trace:
#0 C:\xampp\htdocs\dropshipping\wp-content\plugins\woocommerce\includes\wc-core-functions.php(345): include()
#1 C:\xampp\htdocs\dropshipping\wp-content\plugins\woo-cart-all-in-one\includes\frontend\frontend.php(31): wc_get_template('sc-content.php', Array, 'woo-cart-all-in...', 'C:\\xampp\\htdocs...')
#2 C:\xampp\htdocs\dropshipping\wp-includes\class-wp-hook.php(307): VI_WOO_CART_ALL_IN_ONE_Frontend_Frontend->get_sidebar_cart_content('')
#3 C:\xampp\htdocs\dropshipping\wp-includes\class-wp-hook.php(331): WP_Hook->apply_filters('', Array)
#4 C:\xampp\htdocs\dropshipping\wp-includes\plugin.php(476): WP_Hook->do_action(Array)
#5 C:\xampp\htdocs\dropshipping\wp-content\plugins\woo-cart-all-in-one\includes\templates\sidebar-cart\sidebar-cart.php(25): do_action('vi_wcaio_get_si...')
#6 C:\xampp\htdocs\dropshipping\wp-content\plugins\woocommerce\includes\wc-core-functions.php(345): include('C:\\xampp\\htdocs...')
#7 C:\xampp\htdocs\dropshipping\wp-content\plugins\woo-cart-all-in-one\includes\frontend\sidebar-cart-content.php(50): wc_get_template('sidebar-cart.ph...', Array, 'woocommerce-car...', 'C:\\xampp\\htdocs...')
#8 C:\xampp\htdocs\dropshipping\wp-includes\class-wp-hook.php(307): VI_WOO_CART_ALL_IN_ONE_Frontend_Sidebar_Cart_Content->frontend_html('')
#9 C:\xampp\htdocs\dropshipping\wp-includes\class-wp-hook.php(331): WP_Hook->apply_filters(NULL, Array)
#10 C:\xampp\htdocs\dropshipping\wp-includes\plugin.php(476): WP_Hook->do_action(Array)
#11 C:\xampp\htdocs\dropshipping\wp-includes\general-template.php(3058): do_action('wp_footer')
#12 C:\xampp\htdocs\dropshipping\wp-includes\rest-api\endpoints\class-wp-rest-widget-types-controller.php(650): wp_footer()
#13 C:\xampp\htdocs\dropshipping\wp-includes\rest-api\endpoints\class-wp-rest-widget-types-controller.php(598): WP_REST_Widget_Types_Controller->render_legacy_widget_preview_iframe('blocksy_ct_cont...', Array)
#14 C:\xampp\htdocs\dropshipping\wp-includes\rest-api\class-wp-rest-server.php(1143): WP_REST_Widget_Types_Controller->render(Object(WP_REST_Request))
#15 C:\xampp\htdocs\dropshipping\wp-includes\rest-api\class-wp-rest-server.php(990): WP_REST_Server->respond_to_request(Object(WP_REST_Request), '/wp/v2/widget-t...', Array, NULL)
#16 C:\xampp\htdocs\dropshipping\wp-includes\rest-api\class-wp-rest-server.php(414): WP_REST_Server->dispatch(Object(WP_REST_Request))
#17 C:\xampp\htdocs\dropshipping\wp-includes\rest-api.php(394): WP_REST_Server->serve_request('/wp/v2/widget-t...')
#18 C:\xampp\htdocs\dropshipping\wp-includes\class-wp-hook.php(307): rest_api_loaded(Object(WP))
#19 C:\xampp\htdocs\dropshipping\wp-includes\class-wp-hook.php(331): WP_Hook->apply_filters(NULL, Array)
#20 C:\xampp\htdocs\dropshipping\wp-includes\plugin.php(524): WP_Hook->do_action(Array)
#21 C:\xampp\htdocs\dropshipping\wp-includes\class-wp.php(398): do_action_ref_array('parse_request', Array)
#22 C:\xampp\htdocs\dropshipping\wp-includes\class-wp.php(770): WP->parse_request('')
#23 C:\xampp\htdocs\dropshipping\wp-includes\functions.php(1330): WP->main('')
#24 C:\xampp\htdocs\dropshipping\wp-blog-header.php(16): wp()
#25 C:\xampp\htdocs\dropshipping\index.php(17): require('C:\\xampp\\htdocs...')
#26 {main}
  thrown in C:\xampp\htdocs\dropshipping\wp-content\plugins\woo-cart-all-in-one\includes\templates\sidebar-cart\sc-content.php on line 107

2022-06-18T00:25:34+00:00 CRITICAL Uncaught Error: Call to a member function get_cart_subtotal() on null in C:\xampp\htdocs\dropshipping\wp-content\plugins\woo-cart-all-in-one\includes\templates\sidebar-cart\sc-content.php:107
Stack trace:
#0 C:\xampp\htdocs\dropshipping\wp-content\plugins\woocommerce\includes\wc-core-functions.php(345): include()
#1 C:\xampp\htdocs\dropshipping\wp-content\plugins\woo-cart-all-in-one\includes\frontend\frontend.php(31): wc_get_template('sc-content.php', Array, 'woo-cart-all-in...', 'C:\\xampp\\htdocs...')
#2 C:\xampp\htdocs\dropshipping\wp-includes\class-wp-hook.php(307): VI_WOO_CART_ALL_IN_ONE_Frontend_Frontend->get_sidebar_cart_content('')
#3 C:\xampp\htdocs\dropshipping\wp-includes\class-wp-hook.php(331): WP_Hook->apply_filters('', Array)
#4 C:\xampp\htdocs\dropshipping\wp-includes\plugin.php(476): WP_Hook->do_action(Array)
#5 C:\xampp\htdocs\dropshipping\wp-content\plugins\woo-cart-all-in-one\includes\templates\sidebar-cart\sidebar-cart.php(25): do_action('vi_wcaio_get_si...')
#6 C:\xampp\htdocs\dropshipping\wp-content\plugins\woocommerce\includes\wc-core-functions.php(345): include('C:\\xampp\\htdocs...')
#7 C:\xampp\htdocs\dropshipping\wp-content\plugins\woo-cart-all-in-one\includes\frontend\sidebar-cart-content.php(50): wc_get_template('sidebar-cart.ph...', Array, 'woocommerce-car...', 'C:\\xampp\\htdocs...')
#8 C:\xampp\htdocs\dropshipping\wp-includes\class-wp-hook.php(307): VI_WOO_CART_ALL_IN_ONE_Frontend_Sidebar_Cart_Content->frontend_html('')
#9 C:\xampp\htdocs\dropshipping\wp-includes\class-wp-hook.php(331): WP_Hook->apply_filters(NULL, Array)
#10 C:\xampp\htdocs\dropshipping\wp-includes\plugin.php(476): WP_Hook->do_action(Array)
#11 C:\xampp\htdocs\dropshipping\wp-includes\general-template.php(3058): do_action('wp_footer')
#12 C:\xampp\htdocs\dropshipping\wp-includes\rest-api\endpoints\class-wp-rest-widget-types-controller.php(650): wp_footer()
#13 C:\xampp\htdocs\dropshipping\wp-includes\rest-api\endpoints\class-wp-rest-widget-types-controller.php(598): WP_REST_Widget_Types_Controller->render_legacy_widget_preview_iframe('blocksy_ct_cont...', Array)
#14 C:\xampp\htdocs\dropshipping\wp-includes\rest-api\class-wp-rest-server.php(1143): WP_REST_Widget_Types_Controller->render(Object(WP_REST_Request))
#15 C:\xampp\htdocs\dropshipping\wp-includes\rest-api\class-wp-rest-server.php(990): WP_REST_Server->respond_to_request(Object(WP_REST_Request), '/wp/v2/widget-t...', Array, NULL)
#16 C:\xampp\htdocs\dropshipping\wp-includes\rest-api\class-wp-rest-server.php(414): WP_REST_Server->dispatch(Object(WP_REST_Request))
#17 C:\xampp\htdocs\dropshipping\wp-includes\rest-api.php(394): WP_REST_Server->serve_request('/wp/v2/widget-t...')
#18 C:\xampp\htdocs\dropshipping\wp-includes\class-wp-hook.php(307): rest_api_loaded(Object(WP))
#19 C:\xampp\htdocs\dropshipping\wp-includes\class-wp-hook.php(331): WP_Hook->apply_filters(NULL, Array)
#20 C:\xampp\htdocs\dropshipping\wp-includes\plugin.php(524): WP_Hook->do_action(Array)
#21 C:\xampp\htdocs\dropshipping\wp-includes\class-wp.php(398): do_action_ref_array('parse_request', Array)
#22 C:\xampp\htdocs\dropshipping\wp-includes\class-wp.php(770): WP->parse_request('')
#23 C:\xampp\htdocs\dropshipping\wp-includes\functions.php(1330): WP->main('')
#24 C:\xampp\htdocs\dropshipping\wp-blog-header.php(16): wp()
#25 C:\xampp\htdocs\dropshipping\index.php(17): require('C:\\xampp\\htdocs...')
#26 {main}
  thrown in C:\xampp\htdocs\dropshipping\wp-content\plugins\woo-cart-all-in-one\includes\templates\sidebar-cart\sc-content.php on line 107

2022-06-18T00:25:35+00:00 CRITICAL Uncaught Error: Call to a member function get_cart_subtotal() on null in C:\xampp\htdocs\dropshipping\wp-content\plugins\woo-cart-all-in-one\includes\templates\sidebar-cart\sc-content.php:107
Stack trace:
#0 C:\xampp\htdocs\dropshipping\wp-content\plugins\woocommerce\includes\wc-core-functions.php(345): include()
#1 C:\xampp\htdocs\dropshipping\wp-content\plugins\woo-cart-all-in-one\includes\frontend\frontend.php(31): wc_get_template('sc-content.php', Array, 'woo-cart-all-in...', 'C:\\xampp\\htdocs...')
#2 C:\xampp\htdocs\dropshipping\wp-includes\class-wp-hook.php(307): VI_WOO_CART_ALL_IN_ONE_Frontend_Frontend->get_sidebar_cart_content('')
#3 C:\xampp\htdocs\dropshipping\wp-includes\class-wp-hook.php(331): WP_Hook->apply_filters('', Array)
#4 C:\xampp\htdocs\dropshipping\wp-includes\plugin.php(476): WP_Hook->do_action(Array)
#5 C:\xampp\htdocs\dropshipping\wp-content\plugins\woo-cart-all-in-one\includes\templates\sidebar-cart\sidebar-cart.php(25): do_action('vi_wcaio_get_si...')
#6 C:\xampp\htdocs\dropshipping\wp-content\plugins\woocommerce\includes\wc-core-functions.php(345): include('C:\\xampp\\htdocs...')
#7 C:\xampp\htdocs\dropshipping\wp-content\plugins\woo-cart-all-in-one\includes\frontend\sidebar-cart-content.php(50): wc_get_template('sidebar-cart.ph...', Array, 'woocommerce-car...', 'C:\\xampp\\htdocs...')
#8 C:\xampp\htdocs\dropshipping\wp-includes\class-wp-hook.php(307): VI_WOO_CART_ALL_IN_ONE_Frontend_Sidebar_Cart_Content->frontend_html('')
#9 C:\xampp\htdocs\dropshipping\wp-includes\class-wp-hook.php(331): WP_Hook->apply_filters(NULL, Array)
#10 C:\xampp\htdocs\dropshipping\wp-includes\plugin.php(476): WP_Hook->do_action(Array)
#11 C:\xampp\htdocs\dropshipping\wp-includes\general-template.php(3058): do_action('wp_footer')
#12 C:\xampp\htdocs\dropshipping\wp-includes\rest-api\endpoints\class-wp-rest-widget-types-controller.php(650): wp_footer()
#13 C:\xampp\htdocs\dropshipping\wp-includes\rest-api\endpoints\class-wp-rest-widget-types-controller.php(598): WP_REST_Widget_Types_Controller->render_legacy_widget_preview_iframe('blocksy_ct_cont...', Array)
#14 C:\xampp\htdocs\dropshipping\wp-includes\rest-api\class-wp-rest-server.php(1143): WP_REST_Widget_Types_Controller->render(Object(WP_REST_Request))
#15 C:\xampp\htdocs\dropshipping\wp-includes\rest-api\class-wp-rest-server.php(990): WP_REST_Server->respond_to_request(Object(WP_REST_Request), '/wp/v2/widget-t...', Array, NULL)
#16 C:\xampp\htdocs\dropshipping\wp-includes\rest-api\class-wp-rest-server.php(414): WP_REST_Server->dispatch(Object(WP_REST_Request))
#17 C:\xampp\htdocs\dropshipping\wp-includes\rest-api.php(394): WP_REST_Server->serve_request('/wp/v2/widget-t...')
#18 C:\xampp\htdocs\dropshipping\wp-includes\class-wp-hook.php(307): rest_api_loaded(Object(WP))
#19 C:\xampp\htdocs\dropshipping\wp-includes\class-wp-hook.php(331): WP_Hook->apply_filters(NULL, Array)
#20 C:\xampp\htdocs\dropshipping\wp-includes\plugin.php(524): WP_Hook->do_action(Array)
#21 C:\xampp\htdocs\dropshipping\wp-includes\class-wp.php(398): do_action_ref_array('parse_request', Array)
#22 C:\xampp\htdocs\dropshipping\wp-includes\class-wp.php(770): WP->parse_request('')
#23 C:\xampp\htdocs\dropshipping\wp-includes\functions.php(1330): WP->main('')
#24 C:\xampp\htdocs\dropshipping\wp-blog-header.php(16): wp()
#25 C:\xampp\htdocs\dropshipping\index.php(17): require('C:\\xampp\\htdocs...')
#26 {main}
  thrown in C:\xampp\htdocs\dropshipping\wp-content\plugins\woo-cart-all-in-one\includes\templates\sidebar-cart\sc-content.php on line 107

2022-06-18T00:25:49+00:00 CRITICAL Uncaught Error: Call to a member function get_cart_subtotal() on null in C:\xampp\htdocs\dropshipping\wp-content\plugins\woo-cart-all-in-one\includes\templates\sidebar-cart\sc-content.php:107
Stack trace:
#0 C:\xampp\htdocs\dropshipping\wp-content\plugins\woocommerce\includes\wc-core-functions.php(345): include()
#1 C:\xampp\htdocs\dropshipping\wp-content\plugins\woo-cart-all-in-one\includes\frontend\frontend.php(31): wc_get_template('sc-content.php', Array, 'woo-cart-all-in...', 'C:\\xampp\\htdocs...')
#2 C:\xampp\htdocs\dropshipping\wp-includes\class-wp-hook.php(307): VI_WOO_CART_ALL_IN_ONE_Frontend_Frontend->get_sidebar_cart_content('')
#3 C:\xampp\htdocs\dropshipping\wp-includes\class-wp-hook.php(331): WP_Hook->apply_filters('', Array)
#4 C:\xampp\htdocs\dropshipping\wp-includes\plugin.php(476): WP_Hook->do_action(Array)
#5 C:\xampp\htdocs\dropshipping\wp-content\plugins\woo-cart-all-in-one\includes\templates\sidebar-cart\sidebar-cart.php(25): do_action('vi_wcaio_get_si...')
#6 C:\xampp\htdocs\dropshipping\wp-content\plugins\woocommerce\includes\wc-core-functions.php(345): include('C:\\xampp\\htdocs...')
#7 C:\xampp\htdocs\dropshipping\wp-content\plugins\woo-cart-all-in-one\includes\frontend\sidebar-cart-content.php(50): wc_get_template('sidebar-cart.ph...', Array, 'woocommerce-car...', 'C:\\xampp\\htdocs...')
#8 C:\xampp\htdocs\dropshipping\wp-includes\class-wp-hook.php(307): VI_WOO_CART_ALL_IN_ONE_Frontend_Sidebar_Cart_Content->frontend_html('')
#9 C:\xampp\htdocs\dropshipping\wp-includes\class-wp-hook.php(331): WP_Hook->apply_filters(NULL, Array)
#10 C:\xampp\htdocs\dropshipping\wp-includes\plugin.php(476): WP_Hook->do_action(Array)
#11 C:\xampp\htdocs\dropshipping\wp-includes\general-template.php(3058): do_action('wp_footer')
#12 C:\xampp\htdocs\dropshipping\wp-includes\rest-api\endpoints\class-wp-rest-widget-types-controller.php(650): wp_footer()
#13 C:\xampp\htdocs\dropshipping\wp-includes\rest-api\endpoints\class-wp-rest-widget-types-controller.php(598): WP_REST_Widget_Types_Controller->render_legacy_widget_preview_iframe('blocksy_ct_cont...', Array)
#14 C:\xampp\htdocs\dropshipping\wp-includes\rest-api\class-wp-rest-server.php(1143): WP_REST_Widget_Types_Controller->render(Object(WP_REST_Request))
#15 C:\xampp\htdocs\dropshipping\wp-includes\rest-api\class-wp-rest-server.php(990): WP_REST_Server->respond_to_request(Object(WP_REST_Request), '/wp/v2/widget-t...', Array, NULL)
#16 C:\xampp\htdocs\dropshipping\wp-includes\rest-api\class-wp-rest-server.php(414): WP_REST_Server->dispatch(Object(WP_REST_Request))
#17 C:\xampp\htdocs\dropshipping\wp-includes\rest-api.php(394): WP_REST_Server->serve_request('/wp/v2/widget-t...')
#18 C:\xampp\htdocs\dropshipping\wp-includes\class-wp-hook.php(307): rest_api_loaded(Object(WP))
#19 C:\xampp\htdocs\dropshipping\wp-includes\class-wp-hook.php(331): WP_Hook->apply_filters(NULL, Array)
#20 C:\xampp\htdocs\dropshipping\wp-includes\plugin.php(524): WP_Hook->do_action(Array)
#21 C:\xampp\htdocs\dropshipping\wp-includes\class-wp.php(398): do_action_ref_array('parse_request', Array)
#22 C:\xampp\htdocs\dropshipping\wp-includes\class-wp.php(770): WP->parse_request('')
#23 C:\xampp\htdocs\dropshipping\wp-includes\functions.php(1330): WP->main('')
#24 C:\xampp\htdocs\dropshipping\wp-blog-header.php(16): wp()
#25 C:\xampp\htdocs\dropshipping\index.php(17): require('C:\\xampp\\htdocs...')
#26 {main}
  thrown in C:\xampp\htdocs\dropshipping\wp-content\plugins\woo-cart-all-in-one\includes\templates\sidebar-cart\sc-content.php on line 107

